[5.344s] DEBUG:colcon:Command line arguments: ['/usr/bin/colcon', 'build']
[5.344s] DEBUG:colcon:Parsed command line arguments: Namespace(log_base=None, log_level=None, verb_name='build', build_base='build', install_base='install', merge_install=False, symlink_install=False, test_result_base=None, continue_on_error=False, executor='parallel', parallel_workers=8, event_handlers=None, ignore_user_meta=False, metas=['./colcon.meta'], base_paths=['.'], packages_ignore=None, packages_ignore_regex=None, paths=None, packages_up_to=None, packages_up_to_regex=None, packages_above=None, packages_above_and_dependencies=None, packages_above_depth=None, packages_select_by_dep=None, packages_skip_by_dep=None, packages_skip_up_to=None, packages_select_build_failed=False, packages_skip_build_finished=False, packages_select_test_failures=False, packages_skip_test_passed=False, packages_select=None, packages_skip=None, packages_select_regex=None, packages_skip_regex=None, packages_start=None, packages_end=None, allow_overriding=[], cmake_args=None, cmake_target=None, cmake_target_skip_unavailable=False, cmake_clean_cache=False, cmake_clean_first=False, cmake_force_configure=False, ament_cmake_args=None, catkin_cmake_args=None, catkin_skip_building_tests=False, mixin_files=None, mixin=None, verb_parser=<colcon_mixin.mixin.mixin_argument.MixinArgumentDecorator object at 0x7edd9198e860>, verb_extension=<colcon_core.verb.build.BuildVerb object at 0x7edd9198f5b0>, main=<bound method BuildVerb.main of <colcon_core.verb.build.BuildVerb object at 0x7edd9198f5b0>>, mixin_verb=('build',))
[15.550s] Level 1:colcon.colcon_core.package_discovery:discover_packages(colcon_meta) check parameters
[15.550s] Level 1:colcon.colcon_core.package_discovery:discover_packages(recursive) check parameters
[15.550s] Level 1:colcon.colcon_core.package_discovery:discover_packages(ignore) check parameters
[15.551s] Level 1:colcon.colcon_core.package_discovery:discover_packages(path) check parameters
[15.551s] Level 1:colcon.colcon_core.package_discovery:discover_packages(colcon_meta) discover
[15.551s] Level 1:colcon.colcon_core.package_discovery:discover_packages(recursive) discover
[15.551s] INFO:colcon.colcon_core.package_discovery:Crawling recursively for packages in '/home/fazil/ROS2-Self-Driving-Car-AI-using-OpenCV'
[15.552s] Level 1:colcon.colcon_core.package_identification:_identify(.) by extensions ['ignore', 'ignore_ament_install']
[15.552s] Level 1:colcon.colcon_core.package_identification:_identify(.) by extension 'ignore'
[15.552s] Level 1:colcon.colcon_core.package_identification:_identify(.) by extension 'ignore_ament_install'
[15.553s] Level 1:colcon.colcon_core.package_identification:_identify(.) by extensions ['colcon_pkg']
[15.553s] Level 1:colcon.colcon_core.package_identification:_identify(.) by extension 'colcon_pkg'
[15.553s] Level 1:colcon.colcon_core.package_identification:_identify(.) by extensions ['colcon_meta']
[15.553s] Level 1:colcon.colcon_core.package_identification:_identify(.) by extension 'colcon_meta'
[15.553s] Level 1:colcon.colcon_core.package_identification:_identify(.) by extensions ['ros']
[15.553s] Level 1:colcon.colcon_core.package_identification:_identify(.) by extension 'ros'
[15.663s] Level 1:colcon.colcon_core.package_identification:_identify(.) by extensions ['cmake', 'python']
[15.663s] Level 1:colcon.colcon_core.package_identification:_identify(.) by extension 'cmake'
[15.663s] Level 1:colcon.colcon_core.package_identification:_identify(.) by extension 'python'
[15.663s] Level 1:colcon.colcon_core.package_identification:_identify(.) by extensions ['python_setup_py']
[15.663s] Level 1:colcon.colcon_core.package_identification:_identify(.) by extension 'python_setup_py'
[15.664s] Level 1:colcon.colcon_core.package_identification:_identify(Images_videos) by extensions ['ignore', 'ignore_ament_install']
[15.664s] Level 1:colcon.colcon_core.package_identification:_identify(Images_videos) by extension 'ignore'
[15.664s] Level 1:colcon.colcon_core.package_identification:_identify(Images_videos) by extension 'ignore_ament_install'
[15.664s] Level 1:colcon.colcon_core.package_identification:_identify(Images_videos) by extensions ['colcon_pkg']
[15.664s] Level 1:colcon.colcon_core.package_identification:_identify(Images_videos) by extension 'colcon_pkg'
[15.664s] Level 1:colcon.colcon_core.package_identification:_identify(Images_videos) by extensions ['colcon_meta']
[15.664s] Level 1:colcon.colcon_core.package_identification:_identify(Images_videos) by extension 'colcon_meta'
[15.664s] Level 1:colcon.colcon_core.package_identification:_identify(Images_videos) by extensions ['ros']
[15.664s] Level 1:colcon.colcon_core.package_identification:_identify(Images_videos) by extension 'ros'
[15.664s] Level 1:colcon.colcon_core.package_identification:_identify(Images_videos) by extensions ['cmake', 'python']
[15.665s] Level 1:colcon.colcon_core.package_identification:_identify(Images_videos) by extension 'cmake'
[15.665s] Level 1:colcon.colcon_core.package_identification:_identify(Images_videos) by extension 'python'
[15.665s] Level 1:colcon.colcon_core.package_identification:_identify(Images_videos) by extensions ['python_setup_py']
[15.665s] Level 1:colcon.colcon_core.package_identification:_identify(Images_videos) by extension 'python_setup_py'
[15.665s] Level 1:colcon.colcon_core.package_identification:_identify(Images_videos/HaarCascade) by extensions ['ignore', 'ignore_ament_install']
[15.665s] Level 1:colcon.colcon_core.package_identification:_identify(Images_videos/HaarCascade) by extension 'ignore'
[15.665s] Level 1:colcon.colcon_core.package_identification:_identify(Images_videos/HaarCascade) by extension 'ignore_ament_install'
[15.665s] Level 1:colcon.colcon_core.package_identification:_identify(Images_videos/HaarCascade) by extensions ['colcon_pkg']
[15.665s] Level 1:colcon.colcon_core.package_identification:_identify(Images_videos/HaarCascade) by extension 'colcon_pkg'
[15.665s] Level 1:colcon.colcon_core.package_identification:_identify(Images_videos/HaarCascade) by extensions ['colcon_meta']
[15.665s] Level 1:colcon.colcon_core.package_identification:_identify(Images_videos/HaarCascade) by extension 'colcon_meta'
[15.666s] Level 1:colcon.colcon_core.package_identification:_identify(Images_videos/HaarCascade) by extensions ['ros']
[15.666s] Level 1:colcon.colcon_core.package_identification:_identify(Images_videos/HaarCascade) by extension 'ros'
[15.666s] Level 1:colcon.colcon_core.package_identification:_identify(Images_videos/HaarCascade) by extensions ['cmake', 'python']
[15.666s] Level 1:colcon.colcon_core.package_identification:_identify(Images_videos/HaarCascade) by extension 'cmake'
[15.666s] Level 1:colcon.colcon_core.package_identification:_identify(Images_videos/HaarCascade) by extension 'python'
[15.666s] Level 1:colcon.colcon_core.package_identification:_identify(Images_videos/HaarCascade) by extensions ['python_setup_py']
[15.666s] Level 1:colcon.colcon_core.package_identification:_identify(Images_videos/HaarCascade) by extension 'python_setup_py'
[15.666s] Level 1:colcon.colcon_core.package_identification:_identify(Images_videos/HaarCascade/Training_Steps) by extensions ['ignore', 'ignore_ament_install']
[15.666s] Level 1:colcon.colcon_core.package_identification:_identify(Images_videos/HaarCascade/Training_Steps) by extension 'ignore'
[15.666s] Level 1:colcon.colcon_core.package_identification:_identify(Images_videos/HaarCascade/Training_Steps) by extension 'ignore_ament_install'
[15.667s] Level 1:colcon.colcon_core.package_identification:_identify(Images_videos/HaarCascade/Training_Steps) by extensions ['colcon_pkg']
[15.667s] Level 1:colcon.colcon_core.package_identification:_identify(Images_videos/HaarCascade/Training_Steps) by extension 'colcon_pkg'
[15.667s] Level 1:colcon.colcon_core.package_identification:_identify(Images_videos/HaarCascade/Training_Steps) by extensions ['colcon_meta']
[15.667s] Level 1:colcon.colcon_core.package_identification:_identify(Images_videos/HaarCascade/Training_Steps) by extension 'colcon_meta'
[15.667s] Level 1:colcon.colcon_core.package_identification:_identify(Images_videos/HaarCascade/Training_Steps) by extensions ['ros']
[15.667s] Level 1:colcon.colcon_core.package_identification:_identify(Images_videos/HaarCascade/Training_Steps) by extension 'ros'
[15.667s] Level 1:colcon.colcon_core.package_identification:_identify(Images_videos/HaarCascade/Training_Steps) by extensions ['cmake', 'python']
[15.667s] Level 1:colcon.colcon_core.package_identification:_identify(Images_videos/HaarCascade/Training_Steps) by extension 'cmake'
[15.667s] Level 1:colcon.colcon_core.package_identification:_identify(Images_videos/HaarCascade/Training_Steps) by extension 'python'
[15.667s] Level 1:colcon.colcon_core.package_identification:_identify(Images_videos/HaarCascade/Training_Steps) by extensions ['python_setup_py']
[15.667s] Level 1:colcon.colcon_core.package_identification:_identify(Images_videos/HaarCascade/Training_Steps) by extension 'python_setup_py'
[15.668s] Level 1:colcon.colcon_core.package_identification:_identify(Images_videos/Sat_Nav) by extensions ['ignore', 'ignore_ament_install']
[15.668s] Level 1:colcon.colcon_core.package_identification:_identify(Images_videos/Sat_Nav) by extension 'ignore'
[15.668s] Level 1:colcon.colcon_core.package_identification:_identify(Images_videos/Sat_Nav) by extension 'ignore_ament_install'
[15.668s] Level 1:colcon.colcon_core.package_identification:_identify(Images_videos/Sat_Nav) by extensions ['colcon_pkg']
[15.668s] Level 1:colcon.colcon_core.package_identification:_identify(Images_videos/Sat_Nav) by extension 'colcon_pkg'
[15.668s] Level 1:colcon.colcon_core.package_identification:_identify(Images_videos/Sat_Nav) by extensions ['colcon_meta']
[15.668s] Level 1:colcon.colcon_core.package_identification:_identify(Images_videos/Sat_Nav) by extension 'colcon_meta'
[15.668s] Level 1:colcon.colcon_core.package_identification:_identify(Images_videos/Sat_Nav) by extensions ['ros']
[15.668s] Level 1:colcon.colcon_core.package_identification:_identify(Images_videos/Sat_Nav) by extension 'ros'
[15.668s] Level 1:colcon.colcon_core.package_identification:_identify(Images_videos/Sat_Nav) by extensions ['cmake', 'python']
[15.668s] Level 1:colcon.colcon_core.package_identification:_identify(Images_videos/Sat_Nav) by extension 'cmake'
[15.668s] Level 1:colcon.colcon_core.package_identification:_identify(Images_videos/Sat_Nav) by extension 'python'
[15.669s] Level 1:colcon.colcon_core.package_identification:_identify(Images_videos/Sat_Nav) by extensions ['python_setup_py']
[15.669s] Level 1:colcon.colcon_core.package_identification:_identify(Images_videos/Sat_Nav) by extension 'python_setup_py'
[15.669s] Level 1:colcon.colcon_core.package_identification:_identify(Repo_resources) by extensions ['ignore', 'ignore_ament_install']
[15.669s] Level 1:colcon.colcon_core.package_identification:_identify(Repo_resources) by extension 'ignore'
[15.669s] Level 1:colcon.colcon_core.package_identification:_identify(Repo_resources) by extension 'ignore_ament_install'
[15.669s] Level 1:colcon.colcon_core.package_identification:_identify(Repo_resources) by extensions ['colcon_pkg']
[15.669s] Level 1:colcon.colcon_core.package_identification:_identify(Repo_resources) by extension 'colcon_pkg'
[15.669s] Level 1:colcon.colcon_core.package_identification:_identify(Repo_resources) by extensions ['colcon_meta']
[15.669s] Level 1:colcon.colcon_core.package_identification:_identify(Repo_resources) by extension 'colcon_meta'
[15.669s] Level 1:colcon.colcon_core.package_identification:_identify(Repo_resources) by extensions ['ros']
[15.669s] Level 1:colcon.colcon_core.package_identification:_identify(Repo_resources) by extension 'ros'
[15.669s] Level 1:colcon.colcon_core.package_identification:_identify(Repo_resources) by extensions ['cmake', 'python']
[15.669s] Level 1:colcon.colcon_core.package_identification:_identify(Repo_resources) by extension 'cmake'
[15.669s] Level 1:colcon.colcon_core.package_identification:_identify(Repo_resources) by extension 'python'
[15.670s] Level 1:colcon.colcon_core.package_identification:_identify(Repo_resources) by extensions ['python_setup_py']
[15.670s] Level 1:colcon.colcon_core.package_identification:_identify(Repo_resources) by extension 'python_setup_py'
[15.670s] Level 1:colcon.colcon_core.package_identification:_identify(build) by extensions ['ignore', 'ignore_ament_install']
[15.670s] Level 1:colcon.colcon_core.package_identification:_identify(build) by extension 'ignore'
[15.670s] Level 1:colcon.colcon_core.package_identification:_identify(build) ignored
[15.670s] Level 1:colcon.colcon_core.package_identification:_identify(docker) by extensions ['ignore', 'ignore_ament_install']
[15.670s] Level 1:colcon.colcon_core.package_identification:_identify(docker) by extension 'ignore'
[15.670s] Level 1:colcon.colcon_core.package_identification:_identify(docker) by extension 'ignore_ament_install'
[15.670s] Level 1:colcon.colcon_core.package_identification:_identify(docker) by extensions ['colcon_pkg']
[15.670s] Level 1:colcon.colcon_core.package_identification:_identify(docker) by extension 'colcon_pkg'
[15.670s] Level 1:colcon.colcon_core.package_identification:_identify(docker) by extensions ['colcon_meta']
[15.671s] Level 1:colcon.colcon_core.package_identification:_identify(docker) by extension 'colcon_meta'
[15.671s] Level 1:colcon.colcon_core.package_identification:_identify(docker) by extensions ['ros']
[15.671s] Level 1:colcon.colcon_core.package_identification:_identify(docker) by extension 'ros'
[15.671s] Level 1:colcon.colcon_core.package_identification:_identify(docker) by extensions ['cmake', 'python']
[15.671s] Level 1:colcon.colcon_core.package_identification:_identify(docker) by extension 'cmake'
[15.671s] Level 1:colcon.colcon_core.package_identification:_identify(docker) by extension 'python'
[15.671s] Level 1:colcon.colcon_core.package_identification:_identify(docker) by extensions ['python_setup_py']
[15.671s] Level 1:colcon.colcon_core.package_identification:_identify(docker) by extension 'python_setup_py'
[15.671s] Level 1:colcon.colcon_core.package_identification:_identify(install) by extensions ['ignore', 'ignore_ament_install']
[15.671s] Level 1:colcon.colcon_core.package_identification:_identify(install) by extension 'ignore'
[15.671s] Level 1:colcon.colcon_core.package_identification:_identify(install) ignored
[15.671s] Level 1:colcon.colcon_core.package_identification:_identify(log) by extensions ['ignore', 'ignore_ament_install']
[15.672s] Level 1:colcon.colcon_core.package_identification:_identify(log) by extension 'ignore'
[15.672s] Level 1:colcon.colcon_core.package_identification:_identify(log) ignored
[15.672s] Level 1:colcon.colcon_core.package_identification:_identify(self_driving_car_pkg) by extensions ['ignore', 'ignore_ament_install']
[15.672s] Level 1:colcon.colcon_core.package_identification:_identify(self_driving_car_pkg) by extension 'ignore'
[15.672s] Level 1:colcon.colcon_core.package_identification:_identify(self_driving_car_pkg) by extension 'ignore_ament_install'
[15.672s] Level 1:colcon.colcon_core.package_identification:_identify(self_driving_car_pkg) by extensions ['colcon_pkg']
[15.672s] Level 1:colcon.colcon_core.package_identification:_identify(self_driving_car_pkg) by extension 'colcon_pkg'
[15.672s] Level 1:colcon.colcon_core.package_identification:_identify(self_driving_car_pkg) by extensions ['colcon_meta']
[15.672s] Level 1:colcon.colcon_core.package_identification:_identify(self_driving_car_pkg) by extension 'colcon_meta'
[15.672s] Level 1:colcon.colcon_core.package_identification:_identify(self_driving_car_pkg) by extensions ['ros']
[15.672s] Level 1:colcon.colcon_core.package_identification:_identify(self_driving_car_pkg) by extension 'ros'
[15.728s] DEBUG:colcon.colcon_core.package_identification:Package 'self_driving_car_pkg' with type 'ros.ament_python' and name 'self_driving_car_pkg'
[15.729s] Level 1:colcon.colcon_core.package_identification:_identify(self_driving_car_pkg_models) by extensions ['ignore', 'ignore_ament_install']
[15.729s] Level 1:colcon.colcon_core.package_identification:_identify(self_driving_car_pkg_models) by extension 'ignore'
[15.729s] Level 1:colcon.colcon_core.package_identification:_identify(self_driving_car_pkg_models) by extension 'ignore_ament_install'
[15.729s] Level 1:colcon.colcon_core.package_identification:_identify(self_driving_car_pkg_models) by extensions ['colcon_pkg']
[15.730s] Level 1:colcon.colcon_core.package_identification:_identify(self_driving_car_pkg_models) by extension 'colcon_pkg'
[15.730s] Level 1:colcon.colcon_core.package_identification:_identify(self_driving_car_pkg_models) by extensions ['colcon_meta']
[15.730s] Level 1:colcon.colcon_core.package_identification:_identify(self_driving_car_pkg_models) by extension 'colcon_meta'
[15.730s] Level 1:colcon.colcon_core.package_identification:_identify(self_driving_car_pkg_models) by extensions ['ros']
[15.730s] Level 1:colcon.colcon_core.package_identification:_identify(self_driving_car_pkg_models) by extension 'ros'
[15.731s] DEBUG:colcon.colcon_core.package_identification:Package 'self_driving_car_pkg_models' with type 'ros.ament_cmake' and name 'self_driving_car_pkg_models'
[15.731s] Level 1:colcon.colcon_core.package_discovery:discover_packages(recursive) using defaults
[15.732s] Level 1:colcon.colcon_core.package_discovery:discover_packages(ignore) discover
[15.732s] Level 1:colcon.colcon_core.package_discovery:discover_packages(ignore) using defaults
[15.732s] Level 1:colcon.colcon_core.package_discovery:discover_packages(path) discover
[15.732s] Level 1:colcon.colcon_core.package_discovery:discover_packages(path) using defaults
[16.184s] Level 1:colcon.colcon_core.package_discovery:discover_packages(prefix_path) check parameters
[16.184s] Level 1:colcon.colcon_core.package_discovery:discover_packages(prefix_path) discover
[16.205s] DEBUG:colcon.colcon_installed_package_information.package_discovery:Found 458 installed packages in /opt/ros/humble
[16.209s] Level 1:colcon.colcon_core.package_discovery:discover_packages(prefix_path) using defaults
[16.351s] Level 5:colcon.colcon_core.verb:set package 'self_driving_car_pkg' build argument 'cmake_args' from command line to 'None'
[16.351s] Level 5:colcon.colcon_core.verb:set package 'self_driving_car_pkg' build argument 'cmake_target' from command line to 'None'
[16.351s] Level 5:colcon.colcon_core.verb:set package 'self_driving_car_pkg' build argument 'cmake_target_skip_unavailable' from command line to 'False'
[16.351s] Level 5:colcon.colcon_core.verb:set package 'self_driving_car_pkg' build argument 'cmake_clean_cache' from command line to 'False'
[16.351s] Level 5:colcon.colcon_core.verb:set package 'self_driving_car_pkg' build argument 'cmake_clean_first' from command line to 'False'
[16.351s] Level 5:colcon.colcon_core.verb:set package 'self_driving_car_pkg' build argument 'cmake_force_configure' from command line to 'False'
[16.351s] Level 5:colcon.colcon_core.verb:set package 'self_driving_car_pkg' build argument 'ament_cmake_args' from command line to 'None'
[16.352s] Level 5:colcon.colcon_core.verb:set package 'self_driving_car_pkg' build argument 'catkin_cmake_args' from command line to 'None'
[16.352s] Level 5:colcon.colcon_core.verb:set package 'self_driving_car_pkg' build argument 'catkin_skip_building_tests' from command line to 'False'
[16.352s] DEBUG:colcon.colcon_core.verb:Building package 'self_driving_car_pkg' with the following arguments: {'ament_cmake_args': None, 'build_base': '/home/fazil/ROS2-Self-Driving-Car-AI-using-OpenCV/build/self_driving_car_pkg', 'catkin_cmake_args': None, 'catkin_skip_building_tests': False, 'cmake_args': None, 'cmake_clean_cache': False, 'cmake_clean_first': False, 'cmake_force_configure': False, 'cmake_target': None, 'cmake_target_skip_unavailable': False, 'install_base': '/home/fazil/ROS2-Self-Driving-Car-AI-using-OpenCV/install/self_driving_car_pkg', 'merge_install': False, 'path': '/home/fazil/ROS2-Self-Driving-Car-AI-using-OpenCV/self_driving_car_pkg', 'symlink_install': False, 'test_result_base': None}
[16.352s] Level 5:colcon.colcon_core.verb:set package 'self_driving_car_pkg_models' build argument 'cmake_args' from command line to 'None'
[16.352s] Level 5:colcon.colcon_core.verb:set package 'self_driving_car_pkg_models' build argument 'cmake_target' from command line to 'None'
[16.352s] Level 5:colcon.colcon_core.verb:set package 'self_driving_car_pkg_models' build argument 'cmake_target_skip_unavailable' from command line to 'False'
[16.352s] Level 5:colcon.colcon_core.verb:set package 'self_driving_car_pkg_models' build argument 'cmake_clean_cache' from command line to 'False'
[16.352s] Level 5:colcon.colcon_core.verb:set package 'self_driving_car_pkg_models' build argument 'cmake_clean_first' from command line to 'False'
[16.352s] Level 5:colcon.colcon_core.verb:set package 'self_driving_car_pkg_models' build argument 'cmake_force_configure' from command line to 'False'
[16.352s] Level 5:colcon.colcon_core.verb:set package 'self_driving_car_pkg_models' build argument 'ament_cmake_args' from command line to 'None'
[16.352s] Level 5:colcon.colcon_core.verb:set package 'self_driving_car_pkg_models' build argument 'catkin_cmake_args' from command line to 'None'
[16.352s] Level 5:colcon.colcon_core.verb:set package 'self_driving_car_pkg_models' build argument 'catkin_skip_building_tests' from command line to 'False'
[16.352s] DEBUG:colcon.colcon_core.verb:Building package 'self_driving_car_pkg_models' with the following arguments: {'ament_cmake_args': None, 'build_base': '/home/fazil/ROS2-Self-Driving-Car-AI-using-OpenCV/build/self_driving_car_pkg_models', 'catkin_cmake_args': None, 'catkin_skip_building_tests': False, 'cmake_args': None, 'cmake_clean_cache': False, 'cmake_clean_first': False, 'cmake_force_configure': False, 'cmake_target': None, 'cmake_target_skip_unavailable': False, 'install_base': '/home/fazil/ROS2-Self-Driving-Car-AI-using-OpenCV/install/self_driving_car_pkg_models', 'merge_install': False, 'path': '/home/fazil/ROS2-Self-Driving-Car-AI-using-OpenCV/self_driving_car_pkg_models', 'symlink_install': False, 'test_result_base': None}
[16.352s] INFO:colcon.colcon_core.executor:Executing jobs using 'parallel' executor
[16.353s] DEBUG:colcon.colcon_parallel_executor.executor.parallel:run_until_complete
[16.354s] INFO:colcon.colcon_ros.task.ament_python.build:Building ROS package in '/home/fazil/ROS2-Self-Driving-Car-AI-using-OpenCV/self_driving_car_pkg' with build type 'ament_python'
[16.354s] Level 1:colcon.colcon_core.shell:create_environment_hook('self_driving_car_pkg', 'ament_prefix_path')
[16.398s] INFO:colcon.colcon_core.plugin_system:Skipping extension 'colcon_core.shell.bat': Not used on non-Windows systems
[16.398s] INFO:colcon.colcon_core.shell:Creating environment hook '/home/fazil/ROS2-Self-Driving-Car-AI-using-OpenCV/install/self_driving_car_pkg/share/self_driving_car_pkg/hook/ament_prefix_path.ps1'
[16.434s] INFO:colcon.colcon_core.shell:Creating environment descriptor '/home/fazil/ROS2-Self-Driving-Car-AI-using-OpenCV/install/self_driving_car_pkg/share/self_driving_car_pkg/hook/ament_prefix_path.dsv'
[16.510s] INFO:colcon.colcon_core.shell:Creating environment hook '/home/fazil/ROS2-Self-Driving-Car-AI-using-OpenCV/install/self_driving_car_pkg/share/self_driving_car_pkg/hook/ament_prefix_path.sh'
[16.512s] INFO:colcon.colcon_core.shell:Skip shell extension 'powershell' for command environment: Not usable outside of PowerShell
[16.512s] DEBUG:colcon.colcon_core.shell:Skip shell extension 'dsv' for command environment
[16.520s] INFO:colcon.colcon_ros.task.ament_cmake.build:Building ROS package in '/home/fazil/ROS2-Self-Driving-Car-AI-using-OpenCV/self_driving_car_pkg_models' with build type 'ament_cmake'
[16.520s] INFO:colcon.colcon_cmake.task.cmake.build:Building CMake package in '/home/fazil/ROS2-Self-Driving-Car-AI-using-OpenCV/self_driving_car_pkg_models'
[16.520s] INFO:colcon.colcon_core.shell:Skip shell extension 'powershell' for command environment: Not usable outside of PowerShell
[16.520s] DEBUG:colcon.colcon_core.shell:Skip shell extension 'dsv' for command environment
[17.112s] INFO:colcon.colcon_core.task.python.build:Building Python package in '/home/fazil/ROS2-Self-Driving-Car-AI-using-OpenCV/self_driving_car_pkg'
[17.112s] INFO:colcon.colcon_core.shell:Skip shell extension 'powershell' for command environment: Not usable outside of PowerShell
[17.112s] DEBUG:colcon.colcon_core.shell:Skip shell extension 'dsv' for command environment
[17.119s] DEBUG:colcon.colcon_core.event_handler.log_command:Invoking command in '/home/fazil/ROS2-Self-Driving-Car-AI-using-OpenCV/build/self_driving_car_pkg_models': CMAKE_PREFIX_PATH=/opt/ros/humble /usr/bin/cmake /home/fazil/ROS2-Self-Driving-Car-AI-using-OpenCV/self_driving_car_pkg_models -DCMAKE_INSTALL_PREFIX=/home/fazil/ROS2-Self-Driving-Car-AI-using-OpenCV/install/self_driving_car_pkg_models
[19.789s] DEBUG:colcon.colcon_core.event_handler.log_command:Invoking command in '/home/fazil/ROS2-Self-Driving-Car-AI-using-OpenCV/self_driving_car_pkg': PYTHONPATH=/home/fazil/ROS2-Self-Driving-Car-AI-using-OpenCV/build/self_driving_car_pkg/prefix_override:/home/fazil/ROS2-Self-Driving-Car-AI-using-OpenCV/install/self_driving_car_pkg/lib/python3.10/site-packages:${PYTHONPATH} /usr/bin/python3 -W ignore:setup.py install is deprecated setup.py egg_info --egg-base ../build/self_driving_car_pkg build --build-base /home/fazil/ROS2-Self-Driving-Car-AI-using-OpenCV/build/self_driving_car_pkg/build install --record /home/fazil/ROS2-Self-Driving-Car-AI-using-OpenCV/build/self_driving_car_pkg/install.log --install-scripts $base/lib/self_driving_car_pkg --single-version-externally-managed install_data
[20.397s] DEBUG:colcon.colcon_core.event_handler.log_command:Invoked command in '/home/fazil/ROS2-Self-Driving-Car-AI-using-OpenCV/build/self_driving_car_pkg_models' returned '0': CMAKE_PREFIX_PATH=/opt/ros/humble /usr/bin/cmake /home/fazil/ROS2-Self-Driving-Car-AI-using-OpenCV/self_driving_car_pkg_models -DCMAKE_INSTALL_PREFIX=/home/fazil/ROS2-Self-Driving-Car-AI-using-OpenCV/install/self_driving_car_pkg_models
[20.400s] DEBUG:colcon.colcon_core.event_handler.log_command:Invoking command in '/home/fazil/ROS2-Self-Driving-Car-AI-using-OpenCV/build/self_driving_car_pkg_models': CMAKE_PREFIX_PATH=/opt/ros/humble /usr/bin/cmake --build /home/fazil/ROS2-Self-Driving-Car-AI-using-OpenCV/build/self_driving_car_pkg_models -- -j8 -l8
[20.411s] DEBUG:colcon.colcon_core.event_handler.log_command:Invoked command in '/home/fazil/ROS2-Self-Driving-Car-AI-using-OpenCV/self_driving_car_pkg' returned '0': PYTHONPATH=/home/fazil/ROS2-Self-Driving-Car-AI-using-OpenCV/build/self_driving_car_pkg/prefix_override:/home/fazil/ROS2-Self-Driving-Car-AI-using-OpenCV/install/self_driving_car_pkg/lib/python3.10/site-packages:${PYTHONPATH} /usr/bin/python3 -W ignore:setup.py install is deprecated setup.py egg_info --egg-base ../build/self_driving_car_pkg build --build-base /home/fazil/ROS2-Self-Driving-Car-AI-using-OpenCV/build/self_driving_car_pkg/build install --record /home/fazil/ROS2-Self-Driving-Car-AI-using-OpenCV/build/self_driving_car_pkg/install.log --install-scripts $base/lib/self_driving_car_pkg --single-version-externally-managed install_data
[20.545s] Level 1:colcon.colcon_core.environment:checking '/home/fazil/ROS2-Self-Driving-Car-AI-using-OpenCV/install/self_driving_car_pkg' for CMake module files
[20.547s] Level 1:colcon.colcon_core.environment:checking '/home/fazil/ROS2-Self-Driving-Car-AI-using-OpenCV/install/self_driving_car_pkg' for CMake config files
[20.552s] Level 1:colcon.colcon_core.environment:checking '/home/fazil/ROS2-Self-Driving-Car-AI-using-OpenCV/install/self_driving_car_pkg/lib'
[20.552s] Level 1:colcon.colcon_core.environment:checking '/home/fazil/ROS2-Self-Driving-Car-AI-using-OpenCV/install/self_driving_car_pkg/bin'
[20.553s] Level 1:colcon.colcon_core.environment:checking '/home/fazil/ROS2-Self-Driving-Car-AI-using-OpenCV/install/self_driving_car_pkg/lib/pkgconfig/self_driving_car_pkg.pc'
[20.554s] Level 1:colcon.colcon_core.environment:checking '/home/fazil/ROS2-Self-Driving-Car-AI-using-OpenCV/install/self_driving_car_pkg/lib/python3.10/site-packages'
[20.554s] Level 1:colcon.colcon_core.shell:create_environment_hook('self_driving_car_pkg', 'pythonpath')
[20.555s] INFO:colcon.colcon_core.shell:Creating environment hook '/home/fazil/ROS2-Self-Driving-Car-AI-using-OpenCV/install/self_driving_car_pkg/share/self_driving_car_pkg/hook/pythonpath.ps1'
[20.556s] INFO:colcon.colcon_core.shell:Creating environment descriptor '/home/fazil/ROS2-Self-Driving-Car-AI-using-OpenCV/install/self_driving_car_pkg/share/self_driving_car_pkg/hook/pythonpath.dsv'
[20.557s] INFO:colcon.colcon_core.shell:Creating environment hook '/home/fazil/ROS2-Self-Driving-Car-AI-using-OpenCV/install/self_driving_car_pkg/share/self_driving_car_pkg/hook/pythonpath.sh'
[20.559s] Level 1:colcon.colcon_core.environment:checking '/home/fazil/ROS2-Self-Driving-Car-AI-using-OpenCV/install/self_driving_car_pkg/bin'
[20.559s] Level 1:colcon.colcon_core.environment:create_environment_scripts_only(self_driving_car_pkg)
[20.561s] INFO:colcon.colcon_core.shell:Creating package script '/home/fazil/ROS2-Self-Driving-Car-AI-using-OpenCV/install/self_driving_car_pkg/share/self_driving_car_pkg/package.ps1'
[20.569s] INFO:colcon.colcon_core.shell:Creating package descriptor '/home/fazil/ROS2-Self-Driving-Car-AI-using-OpenCV/install/self_driving_car_pkg/share/self_driving_car_pkg/package.dsv'
[20.572s] INFO:colcon.colcon_core.shell:Creating package script '/home/fazil/ROS2-Self-Driving-Car-AI-using-OpenCV/install/self_driving_car_pkg/share/self_driving_car_pkg/package.sh'
[20.576s] INFO:colcon.colcon_core.shell:Creating package script '/home/fazil/ROS2-Self-Driving-Car-AI-using-OpenCV/install/self_driving_car_pkg/share/self_driving_car_pkg/package.bash'
[20.604s] INFO:colcon.colcon_core.shell:Creating package script '/home/fazil/ROS2-Self-Driving-Car-AI-using-OpenCV/install/self_driving_car_pkg/share/self_driving_car_pkg/package.zsh'
[20.618s] Level 1:colcon.colcon_core.environment:create_file_with_runtime_dependencies(/home/fazil/ROS2-Self-Driving-Car-AI-using-OpenCV/install/self_driving_car_pkg/share/colcon-core/packages/self_driving_car_pkg)
[20.625s] DEBUG:colcon.colcon_core.event_handler.log_command:Invoked command in '/home/fazil/ROS2-Self-Driving-Car-AI-using-OpenCV/build/self_driving_car_pkg_models' returned '0': CMAKE_PREFIX_PATH=/opt/ros/humble /usr/bin/cmake --build /home/fazil/ROS2-Self-Driving-Car-AI-using-OpenCV/build/self_driving_car_pkg_models -- -j8 -l8
[20.729s] DEBUG:colcon.colcon_core.event_handler.log_command:Invoking command in '/home/fazil/ROS2-Self-Driving-Car-AI-using-OpenCV/build/self_driving_car_pkg_models': CMAKE_PREFIX_PATH=/opt/ros/humble /usr/bin/cmake --install /home/fazil/ROS2-Self-Driving-Car-AI-using-OpenCV/build/self_driving_car_pkg_models
[20.764s] Level 1:colcon.colcon_core.environment:create_environment_scripts_only(self_driving_car_pkg_models)
[20.764s] Level 1:colcon.colcon_core.environment:checking '/home/fazil/ROS2-Self-Driving-Car-AI-using-OpenCV/install/self_driving_car_pkg_models' for CMake module files
[20.765s] DEBUG:colcon.colcon_core.event_handler.log_command:Invoked command in '/home/fazil/ROS2-Self-Driving-Car-AI-using-OpenCV/build/self_driving_car_pkg_models' returned '0': CMAKE_PREFIX_PATH=/opt/ros/humble /usr/bin/cmake --install /home/fazil/ROS2-Self-Driving-Car-AI-using-OpenCV/build/self_driving_car_pkg_models
[20.766s] Level 1:colcon.colcon_core.environment:checking '/home/fazil/ROS2-Self-Driving-Car-AI-using-OpenCV/install/self_driving_car_pkg_models' for CMake config files
[20.766s] Level 1:colcon.colcon_core.shell:create_environment_hook('self_driving_car_pkg_models', 'cmake_prefix_path')
[20.766s] INFO:colcon.colcon_core.shell:Creating environment hook '/home/fazil/ROS2-Self-Driving-Car-AI-using-OpenCV/install/self_driving_car_pkg_models/share/self_driving_car_pkg_models/hook/cmake_prefix_path.ps1'
[20.767s] INFO:colcon.colcon_core.shell:Creating environment descriptor '/home/fazil/ROS2-Self-Driving-Car-AI-using-OpenCV/install/self_driving_car_pkg_models/share/self_driving_car_pkg_models/hook/cmake_prefix_path.dsv'
[20.767s] INFO:colcon.colcon_core.shell:Creating environment hook '/home/fazil/ROS2-Self-Driving-Car-AI-using-OpenCV/install/self_driving_car_pkg_models/share/self_driving_car_pkg_models/hook/cmake_prefix_path.sh'
[20.768s] Level 1:colcon.colcon_core.environment:checking '/home/fazil/ROS2-Self-Driving-Car-AI-using-OpenCV/install/self_driving_car_pkg_models/bin'
[20.768s] Level 1:colcon.colcon_core.environment:checking '/home/fazil/ROS2-Self-Driving-Car-AI-using-OpenCV/install/self_driving_car_pkg_models/lib/pkgconfig/self_driving_car_pkg_models.pc'
[20.768s] Level 1:colcon.colcon_core.environment:checking '/home/fazil/ROS2-Self-Driving-Car-AI-using-OpenCV/install/self_driving_car_pkg_models/lib/python3.10/site-packages'
[20.768s] Level 1:colcon.colcon_core.environment:checking '/home/fazil/ROS2-Self-Driving-Car-AI-using-OpenCV/install/self_driving_car_pkg_models/bin'
[20.769s] INFO:colcon.colcon_core.shell:Creating package script '/home/fazil/ROS2-Self-Driving-Car-AI-using-OpenCV/install/self_driving_car_pkg_models/share/self_driving_car_pkg_models/package.ps1'
[20.769s] INFO:colcon.colcon_core.shell:Creating package descriptor '/home/fazil/ROS2-Self-Driving-Car-AI-using-OpenCV/install/self_driving_car_pkg_models/share/self_driving_car_pkg_models/package.dsv'
[20.769s] INFO:colcon.colcon_core.shell:Creating package script '/home/fazil/ROS2-Self-Driving-Car-AI-using-OpenCV/install/self_driving_car_pkg_models/share/self_driving_car_pkg_models/package.sh'
[20.770s] INFO:colcon.colcon_core.shell:Creating package script '/home/fazil/ROS2-Self-Driving-Car-AI-using-OpenCV/install/self_driving_car_pkg_models/share/self_driving_car_pkg_models/package.bash'
[20.770s] INFO:colcon.colcon_core.shell:Creating package script '/home/fazil/ROS2-Self-Driving-Car-AI-using-OpenCV/install/self_driving_car_pkg_models/share/self_driving_car_pkg_models/package.zsh'
[20.770s] Level 1:colcon.colcon_core.environment:create_file_with_runtime_dependencies(/home/fazil/ROS2-Self-Driving-Car-AI-using-OpenCV/install/self_driving_car_pkg_models/share/colcon-core/packages/self_driving_car_pkg_models)
[20.797s] Level 1:colcon.colcon_core.environment:create_environment_scripts_only(self_driving_car_pkg_models)
[20.798s] Level 1:colcon.colcon_core.environment:checking '/home/fazil/ROS2-Self-Driving-Car-AI-using-OpenCV/install/self_driving_car_pkg_models' for CMake module files
[20.798s] Level 1:colcon.colcon_core.environment:checking '/home/fazil/ROS2-Self-Driving-Car-AI-using-OpenCV/install/self_driving_car_pkg_models' for CMake config files
[20.799s] Level 1:colcon.colcon_core.shell:create_environment_hook('self_driving_car_pkg_models', 'cmake_prefix_path')
[20.799s] INFO:colcon.colcon_core.shell:Creating environment hook '/home/fazil/ROS2-Self-Driving-Car-AI-using-OpenCV/install/self_driving_car_pkg_models/share/self_driving_car_pkg_models/hook/cmake_prefix_path.ps1'
[20.799s] INFO:colcon.colcon_core.shell:Creating environment descriptor '/home/fazil/ROS2-Self-Driving-Car-AI-using-OpenCV/install/self_driving_car_pkg_models/share/self_driving_car_pkg_models/hook/cmake_prefix_path.dsv'
[20.800s] INFO:colcon.colcon_core.shell:Creating environment hook '/home/fazil/ROS2-Self-Driving-Car-AI-using-OpenCV/install/self_driving_car_pkg_models/share/self_driving_car_pkg_models/hook/cmake_prefix_path.sh'
[20.801s] Level 1:colcon.colcon_core.environment:checking '/home/fazil/ROS2-Self-Driving-Car-AI-using-OpenCV/install/self_driving_car_pkg_models/bin'
[20.801s] Level 1:colcon.colcon_core.environment:checking '/home/fazil/ROS2-Self-Driving-Car-AI-using-OpenCV/install/self_driving_car_pkg_models/lib/pkgconfig/self_driving_car_pkg_models.pc'
[20.801s] Level 1:colcon.colcon_core.environment:checking '/home/fazil/ROS2-Self-Driving-Car-AI-using-OpenCV/install/self_driving_car_pkg_models/lib/python3.10/site-packages'
[20.801s] Level 1:colcon.colcon_core.environment:checking '/home/fazil/ROS2-Self-Driving-Car-AI-using-OpenCV/install/self_driving_car_pkg_models/bin'
[20.802s] INFO:colcon.colcon_core.shell:Creating package script '/home/fazil/ROS2-Self-Driving-Car-AI-using-OpenCV/install/self_driving_car_pkg_models/share/self_driving_car_pkg_models/package.ps1'
[20.803s] INFO:colcon.colcon_core.shell:Creating package descriptor '/home/fazil/ROS2-Self-Driving-Car-AI-using-OpenCV/install/self_driving_car_pkg_models/share/self_driving_car_pkg_models/package.dsv'
[20.803s] INFO:colcon.colcon_core.shell:Creating package script '/home/fazil/ROS2-Self-Driving-Car-AI-using-OpenCV/install/self_driving_car_pkg_models/share/self_driving_car_pkg_models/package.sh'
[20.804s] INFO:colcon.colcon_core.shell:Creating package script '/home/fazil/ROS2-Self-Driving-Car-AI-using-OpenCV/install/self_driving_car_pkg_models/share/self_driving_car_pkg_models/package.bash'
[20.804s] INFO:colcon.colcon_core.shell:Creating package script '/home/fazil/ROS2-Self-Driving-Car-AI-using-OpenCV/install/self_driving_car_pkg_models/share/self_driving_car_pkg_models/package.zsh'
[20.805s] Level 1:colcon.colcon_core.environment:create_file_with_runtime_dependencies(/home/fazil/ROS2-Self-Driving-Car-AI-using-OpenCV/install/self_driving_car_pkg_models/share/colcon-core/packages/self_driving_car_pkg_models)
[20.805s] DEBUG:colcon.colcon_parallel_executor.executor.parallel:closing loop
[20.805s] DEBUG:colcon.colcon_parallel_executor.executor.parallel:loop closed
[20.805s] DEBUG:colcon.colcon_parallel_executor.executor.parallel:run_until_complete finished with '0'
[20.805s] DEBUG:colcon.colcon_core.event_reactor:joining thread
[20.847s] INFO:colcon.colcon_core.plugin_system:Skipping extension 'colcon_notification.desktop_notification.terminal_notifier': Not used on non-Darwin systems
[20.847s] INFO:colcon.colcon_core.plugin_system:Skipping extension 'colcon_notification.desktop_notification.win32': Not used on non-Windows systems
[20.847s] INFO:colcon.colcon_notification.desktop_notification:Sending desktop notification using 'notify2'
[20.872s] DEBUG:colcon.colcon_core.event_reactor:joined thread
[20.873s] INFO:colcon.colcon_core.shell:Creating prefix script '/home/fazil/ROS2-Self-Driving-Car-AI-using-OpenCV/install/local_setup.ps1'
[20.875s] INFO:colcon.colcon_core.shell:Creating prefix util module '/home/fazil/ROS2-Self-Driving-Car-AI-using-OpenCV/install/_local_setup_util_ps1.py'
[20.878s] INFO:colcon.colcon_core.shell:Creating prefix chain script '/home/fazil/ROS2-Self-Driving-Car-AI-using-OpenCV/install/setup.ps1'
[20.880s] INFO:colcon.colcon_core.shell:Creating prefix script '/home/fazil/ROS2-Self-Driving-Car-AI-using-OpenCV/install/local_setup.sh'
[20.881s] INFO:colcon.colcon_core.shell:Creating prefix util module '/home/fazil/ROS2-Self-Driving-Car-AI-using-OpenCV/install/_local_setup_util_sh.py'
[20.882s] INFO:colcon.colcon_core.shell:Creating prefix chain script '/home/fazil/ROS2-Self-Driving-Car-AI-using-OpenCV/install/setup.sh'
[20.883s] INFO:colcon.colcon_core.shell:Creating prefix script '/home/fazil/ROS2-Self-Driving-Car-AI-using-OpenCV/install/local_setup.bash'
[20.884s] INFO:colcon.colcon_core.shell:Creating prefix chain script '/home/fazil/ROS2-Self-Driving-Car-AI-using-OpenCV/install/setup.bash'
[20.886s] INFO:colcon.colcon_core.shell:Creating prefix script '/home/fazil/ROS2-Self-Driving-Car-AI-using-OpenCV/install/local_setup.zsh'
[20.886s] INFO:colcon.colcon_core.shell:Creating prefix chain script '/home/fazil/ROS2-Self-Driving-Car-AI-using-OpenCV/install/setup.zsh'
