[3.434s] Invoking command in '/home/fazil/ROS2-Self-Driving-Car-AI-using-OpenCV/self_driving_car_pkg': PYTHONPATH=/home/fazil/ROS2-Self-Driving-Car-AI-using-OpenCV/build/self_driving_car_pkg/prefix_override:/home/fazil/ROS2-Self-Driving-Car-AI-using-OpenCV/install/self_driving_car_pkg/lib/python3.10/site-packages:${PYTHONPATH} /usr/bin/python3 -W ignore:setup.py install is deprecated setup.py egg_info --egg-base ../build/self_driving_car_pkg build --build-base /home/fazil/ROS2-Self-Driving-Car-AI-using-OpenCV/build/self_driving_car_pkg/build install --record /home/fazil/ROS2-Self-Driving-Car-AI-using-OpenCV/build/self_driving_car_pkg/install.log --install-scripts $base/lib/self_driving_car_pkg --single-version-externally-managed install_data
[3.752s] /usr/lib/python3/dist-packages/setuptools/dist.py:723: UserWarning: Usage of dash-separated 'script-dir' will not be supported in future versions. Please use the underscore name 'script_dir' instead
[3.752s]   warnings.warn(
[3.761s] running egg_info
[3.762s] creating ../build/self_driving_car_pkg/self_driving_car_pkg.egg-info
[3.762s] writing ../build/self_driving_car_pkg/self_driving_car_pkg.egg-info/PKG-INFO
[3.762s] writing dependency_links to ../build/self_driving_car_pkg/self_driving_car_pkg.egg-info/dependency_links.txt
[3.763s] writing entry points to ../build/self_driving_car_pkg/self_driving_car_pkg.egg-info/entry_points.txt
[3.763s] writing requirements to ../build/self_driving_car_pkg/self_driving_car_pkg.egg-info/requires.txt
[3.763s] writing top-level names to ../build/self_driving_car_pkg/self_driving_car_pkg.egg-info/top_level.txt
[3.914s] writing manifest file '../build/self_driving_car_pkg/self_driving_car_pkg.egg-info/SOURCES.txt'
[3.927s] reading manifest file '../build/self_driving_car_pkg/self_driving_car_pkg.egg-info/SOURCES.txt'
[3.932s] writing manifest file '../build/self_driving_car_pkg/self_driving_car_pkg.egg-info/SOURCES.txt'
[3.932s] running build
[3.933s] running build_py
[3.934s] creating /home/fazil/ROS2-Self-Driving-Car-AI-using-OpenCV/build/self_driving_car_pkg/build
[3.934s] creating /home/fazil/ROS2-Self-Driving-Car-AI-using-OpenCV/build/self_driving_car_pkg/build/lib
[3.935s] creating /home/fazil/ROS2-Self-Driving-Car-AI-using-OpenCV/build/self_driving_car_pkg/build/lib/self_driving_car_pkg
[3.935s] copying self_driving_car_pkg/upper_camera_video.py -> /home/fazil/ROS2-Self-Driving-Car-AI-using-OpenCV/build/self_driving_car_pkg/build/lib/self_driving_car_pkg
[3.936s] copying self_driving_car_pkg/computer_vision_node.py -> /home/fazil/ROS2-Self-Driving-Car-AI-using-OpenCV/build/self_driving_car_pkg/build/lib/self_driving_car_pkg
[3.936s] copying self_driving_car_pkg/__init__.py -> /home/fazil/ROS2-Self-Driving-Car-AI-using-OpenCV/build/self_driving_car_pkg/build/lib/self_driving_car_pkg
[3.937s] copying self_driving_car_pkg/Drive_Bot.py -> /home/fazil/ROS2-Self-Driving-Car-AI-using-OpenCV/build/self_driving_car_pkg/build/lib/self_driving_car_pkg
[3.937s] copying self_driving_car_pkg/sdf_spawner.py -> /home/fazil/ROS2-Self-Driving-Car-AI-using-OpenCV/build/self_driving_car_pkg/build/lib/self_driving_car_pkg
[3.937s] copying self_driving_car_pkg/drive_node.py -> /home/fazil/ROS2-Self-Driving-Car-AI-using-OpenCV/build/self_driving_car_pkg/build/lib/self_driving_car_pkg
[3.937s] copying self_driving_car_pkg/sdc_V2.py -> /home/fazil/ROS2-Self-Driving-Car-AI-using-OpenCV/build/self_driving_car_pkg/build/lib/self_driving_car_pkg
[3.938s] copying self_driving_car_pkg/video_save.py -> /home/fazil/ROS2-Self-Driving-Car-AI-using-OpenCV/build/self_driving_car_pkg/build/lib/self_driving_car_pkg
[3.938s] creating /home/fazil/ROS2-Self-Driving-Car-AI-using-OpenCV/build/self_driving_car_pkg/build/lib/self_driving_car_pkg/Detection
[3.938s] creating /home/fazil/ROS2-Self-Driving-Car-AI-using-OpenCV/build/self_driving_car_pkg/build/lib/self_driving_car_pkg/Detection/Lanes
[3.938s] creating /home/fazil/ROS2-Self-Driving-Car-AI-using-OpenCV/build/self_driving_car_pkg/build/lib/self_driving_car_pkg/Detection/Lanes/d_LaneInfo_Extraction
[3.938s] copying self_driving_car_pkg/Detection/Lanes/d_LaneInfo_Extraction/__init__.py -> /home/fazil/ROS2-Self-Driving-Car-AI-using-OpenCV/build/self_driving_car_pkg/build/lib/self_driving_car_pkg/Detection/Lanes/d_LaneInfo_Extraction
[3.938s] copying self_driving_car_pkg/Detection/Lanes/d_LaneInfo_Extraction/GetStateInfoandDisplayLane.py -> /home/fazil/ROS2-Self-Driving-Car-AI-using-OpenCV/build/self_driving_car_pkg/build/lib/self_driving_car_pkg/Detection/Lanes/d_LaneInfo_Extraction
[3.939s] creating /home/fazil/ROS2-Self-Driving-Car-AI-using-OpenCV/build/self_driving_car_pkg/build/lib/self_driving_car_pkg/Detection/Lanes/c_Cleaning
[3.939s] copying self_driving_car_pkg/Detection/Lanes/c_Cleaning/ExtendLanesAndRefineMidLaneEdge.py -> /home/fazil/ROS2-Self-Driving-Car-AI-using-OpenCV/build/self_driving_car_pkg/build/lib/self_driving_car_pkg/Detection/Lanes/c_Cleaning
[3.939s] copying self_driving_car_pkg/Detection/Lanes/c_Cleaning/CheckifYellowLaneCorrect_RetInnerBoundary.py -> /home/fazil/ROS2-Self-Driving-Car-AI-using-OpenCV/build/self_driving_car_pkg/build/lib/self_driving_car_pkg/Detection/Lanes/c_Cleaning
[3.939s] copying self_driving_car_pkg/Detection/Lanes/c_Cleaning/__init__.py -> /home/fazil/ROS2-Self-Driving-Car-AI-using-OpenCV/build/self_driving_car_pkg/build/lib/self_driving_car_pkg/Detection/Lanes/c_Cleaning
[3.939s] creating /home/fazil/ROS2-Self-Driving-Car-AI-using-OpenCV/build/self_driving_car_pkg/build/lib/self_driving_car_pkg/Detection/Lanes/b_Estimation
[3.940s] copying self_driving_car_pkg/Detection/Lanes/b_Estimation/__init__.py -> /home/fazil/ROS2-Self-Driving-Car-AI-using-OpenCV/build/self_driving_car_pkg/build/lib/self_driving_car_pkg/Detection/Lanes/b_Estimation
[3.940s] copying self_driving_car_pkg/Detection/Lanes/b_Estimation/Our_EstimationAlgo.py -> /home/fazil/ROS2-Self-Driving-Car-AI-using-OpenCV/build/self_driving_car_pkg/build/lib/self_driving_car_pkg/Detection/Lanes/b_Estimation
[3.940s] creating /home/fazil/ROS2-Self-Driving-Car-AI-using-OpenCV/build/self_driving_car_pkg/build/lib/self_driving_car_pkg/Detection/Lanes/a_Segmentation
[3.940s] copying self_driving_car_pkg/Detection/Lanes/a_Segmentation/colour_segmentation_final.py -> /home/fazil/ROS2-Self-Driving-Car-AI-using-OpenCV/build/self_driving_car_pkg/build/lib/self_driving_car_pkg/Detection/Lanes/a_Segmentation
[3.940s] copying self_driving_car_pkg/Detection/Lanes/a_Segmentation/__init__.py -> /home/fazil/ROS2-Self-Driving-Car-AI-using-OpenCV/build/self_driving_car_pkg/build/lib/self_driving_car_pkg/Detection/Lanes/a_Segmentation
[3.940s] copying self_driving_car_pkg/Detection/Lanes/Lane_Detection.py -> /home/fazil/ROS2-Self-Driving-Car-AI-using-OpenCV/build/self_driving_car_pkg/build/lib/self_driving_car_pkg/Detection/Lanes
[3.941s] copying self_driving_car_pkg/Detection/Lanes/Morph_op.py -> /home/fazil/ROS2-Self-Driving-Car-AI-using-OpenCV/build/self_driving_car_pkg/build/lib/self_driving_car_pkg/Detection/Lanes
[3.941s] copying self_driving_car_pkg/Detection/Lanes/utilities.py -> /home/fazil/ROS2-Self-Driving-Car-AI-using-OpenCV/build/self_driving_car_pkg/build/lib/self_driving_car_pkg/Detection/Lanes
[3.941s] copying self_driving_car_pkg/Detection/Lanes/__init__.py -> /home/fazil/ROS2-Self-Driving-Car-AI-using-OpenCV/build/self_driving_car_pkg/build/lib/self_driving_car_pkg/Detection/Lanes
[3.941s] creating /home/fazil/ROS2-Self-Driving-Car-AI-using-OpenCV/build/self_driving_car_pkg/build/lib/self_driving_car_pkg/Detection/Signs
[3.941s] creating /home/fazil/ROS2-Self-Driving-Car-AI-using-OpenCV/build/self_driving_car_pkg/build/lib/self_driving_car_pkg/Detection/Signs/Classification
[3.941s] copying self_driving_car_pkg/Detection/Signs/Classification/Classification_CNN.py -> /home/fazil/ROS2-Self-Driving-Car-AI-using-OpenCV/build/self_driving_car_pkg/build/lib/self_driving_car_pkg/Detection/Signs/Classification
[3.941s] copying self_driving_car_pkg/Detection/Signs/Classification/__init__.py -> /home/fazil/ROS2-Self-Driving-Car-AI-using-OpenCV/build/self_driving_car_pkg/build/lib/self_driving_car_pkg/Detection/Signs/Classification
[3.942s] copying self_driving_car_pkg/Detection/Signs/Classification/CNN.py -> /home/fazil/ROS2-Self-Driving-Car-AI-using-OpenCV/build/self_driving_car_pkg/build/lib/self_driving_car_pkg/Detection/Signs/Classification
[3.942s] copying self_driving_car_pkg/Detection/Signs/Classification/Visualize_CNN.py -> /home/fazil/ROS2-Self-Driving-Car-AI-using-OpenCV/build/self_driving_car_pkg/build/lib/self_driving_car_pkg/Detection/Signs/Classification
[3.942s] copying self_driving_car_pkg/Detection/Signs/__init__.py -> /home/fazil/ROS2-Self-Driving-Car-AI-using-OpenCV/build/self_driving_car_pkg/build/lib/self_driving_car_pkg/Detection/Signs
[3.942s] copying self_driving_car_pkg/Detection/Signs/SignDetectionApi.py -> /home/fazil/ROS2-Self-Driving-Car-AI-using-OpenCV/build/self_driving_car_pkg/build/lib/self_driving_car_pkg/Detection/Signs
[3.942s] creating /home/fazil/ROS2-Self-Driving-Car-AI-using-OpenCV/build/self_driving_car_pkg/build/lib/self_driving_car_pkg/Detection/TrafficLights
[3.942s] copying self_driving_car_pkg/Detection/TrafficLights/__init__.py -> /home/fazil/ROS2-Self-Driving-Car-AI-using-OpenCV/build/self_driving_car_pkg/build/lib/self_driving_car_pkg/Detection/TrafficLights
[3.942s] copying self_driving_car_pkg/Detection/TrafficLights/TrafficLights_Detection.py -> /home/fazil/ROS2-Self-Driving-Car-AI-using-OpenCV/build/self_driving_car_pkg/build/lib/self_driving_car_pkg/Detection/TrafficLights
[3.943s] copying self_driving_car_pkg/Detection/__init__.py -> /home/fazil/ROS2-Self-Driving-Car-AI-using-OpenCV/build/self_driving_car_pkg/build/lib/self_driving_car_pkg/Detection
[3.943s] creating /home/fazil/ROS2-Self-Driving-Car-AI-using-OpenCV/build/self_driving_car_pkg/build/lib/self_driving_car_pkg/GPS_Navigation
[3.943s] copying self_driving_car_pkg/GPS_Navigation/utilities_disp.py -> /home/fazil/ROS2-Self-Driving-Car-AI-using-OpenCV/build/self_driving_car_pkg/build/lib/self_driving_car_pkg/GPS_Navigation
[3.943s] copying self_driving_car_pkg/GPS_Navigation/bot_pathplanning.py -> /home/fazil/ROS2-Self-Driving-Car-AI-using-OpenCV/build/self_driving_car_pkg/build/lib/self_driving_car_pkg/GPS_Navigation
[3.943s] copying self_driving_car_pkg/GPS_Navigation/utilities.py -> /home/fazil/ROS2-Self-Driving-Car-AI-using-OpenCV/build/self_driving_car_pkg/build/lib/self_driving_car_pkg/GPS_Navigation
[3.943s] copying self_driving_car_pkg/GPS_Navigation/__init__.py -> /home/fazil/ROS2-Self-Driving-Car-AI-using-OpenCV/build/self_driving_car_pkg/build/lib/self_driving_car_pkg/GPS_Navigation
[3.944s] copying self_driving_car_pkg/GPS_Navigation/Navigation.py -> /home/fazil/ROS2-Self-Driving-Car-AI-using-OpenCV/build/self_driving_car_pkg/build/lib/self_driving_car_pkg/GPS_Navigation
[3.944s] copying self_driving_car_pkg/GPS_Navigation/bot_localization.py -> /home/fazil/ROS2-Self-Driving-Car-AI-using-OpenCV/build/self_driving_car_pkg/build/lib/self_driving_car_pkg/GPS_Navigation
[3.944s] copying self_driving_car_pkg/GPS_Navigation/config.py -> /home/fazil/ROS2-Self-Driving-Car-AI-using-OpenCV/build/self_driving_car_pkg/build/lib/self_driving_car_pkg/GPS_Navigation
[3.944s] copying self_driving_car_pkg/GPS_Navigation/bot_mapping.py -> /home/fazil/ROS2-Self-Driving-Car-AI-using-OpenCV/build/self_driving_car_pkg/build/lib/self_driving_car_pkg/GPS_Navigation
[3.944s] copying self_driving_car_pkg/GPS_Navigation/bot_motionplanning.py -> /home/fazil/ROS2-Self-Driving-Car-AI-using-OpenCV/build/self_driving_car_pkg/build/lib/self_driving_car_pkg/GPS_Navigation
[3.944s] creating /home/fazil/ROS2-Self-Driving-Car-AI-using-OpenCV/build/self_driving_car_pkg/build/lib/self_driving_car_pkg/config
[3.944s] copying self_driving_car_pkg/config/__init__.py -> /home/fazil/ROS2-Self-Driving-Car-AI-using-OpenCV/build/self_driving_car_pkg/build/lib/self_driving_car_pkg/config
[3.945s] copying self_driving_car_pkg/config/config.py -> /home/fazil/ROS2-Self-Driving-Car-AI-using-OpenCV/build/self_driving_car_pkg/build/lib/self_driving_car_pkg/config
[3.945s] creating /home/fazil/ROS2-Self-Driving-Car-AI-using-OpenCV/build/self_driving_car_pkg/build/lib/self_driving_car_pkg/data
[3.945s] copying self_driving_car_pkg/data/__init__.py -> /home/fazil/ROS2-Self-Driving-Car-AI-using-OpenCV/build/self_driving_car_pkg/build/lib/self_driving_car_pkg/data
[3.947s] running install
[3.948s] running install_lib
[3.949s] creating /home/fazil/ROS2-Self-Driving-Car-AI-using-OpenCV/install/self_driving_car_pkg/lib/python3.10/site-packages/self_driving_car_pkg
[3.949s] copying /home/fazil/ROS2-Self-Driving-Car-AI-using-OpenCV/build/self_driving_car_pkg/build/lib/self_driving_car_pkg/upper_camera_video.py -> /home/fazil/ROS2-Self-Driving-Car-AI-using-OpenCV/install/self_driving_car_pkg/lib/python3.10/site-packages/self_driving_car_pkg
[3.950s] copying /home/fazil/ROS2-Self-Driving-Car-AI-using-OpenCV/build/self_driving_car_pkg/build/lib/self_driving_car_pkg/computer_vision_node.py -> /home/fazil/ROS2-Self-Driving-Car-AI-using-OpenCV/install/self_driving_car_pkg/lib/python3.10/site-packages/self_driving_car_pkg
[3.950s] copying /home/fazil/ROS2-Self-Driving-Car-AI-using-OpenCV/build/self_driving_car_pkg/build/lib/self_driving_car_pkg/__init__.py -> /home/fazil/ROS2-Self-Driving-Car-AI-using-OpenCV/install/self_driving_car_pkg/lib/python3.10/site-packages/self_driving_car_pkg
[3.950s] copying /home/fazil/ROS2-Self-Driving-Car-AI-using-OpenCV/build/self_driving_car_pkg/build/lib/self_driving_car_pkg/Drive_Bot.py -> /home/fazil/ROS2-Self-Driving-Car-AI-using-OpenCV/install/self_driving_car_pkg/lib/python3.10/site-packages/self_driving_car_pkg
[3.950s] copying /home/fazil/ROS2-Self-Driving-Car-AI-using-OpenCV/build/self_driving_car_pkg/build/lib/self_driving_car_pkg/sdf_spawner.py -> /home/fazil/ROS2-Self-Driving-Car-AI-using-OpenCV/install/self_driving_car_pkg/lib/python3.10/site-packages/self_driving_car_pkg
[3.950s] creating /home/fazil/ROS2-Self-Driving-Car-AI-using-OpenCV/install/self_driving_car_pkg/lib/python3.10/site-packages/self_driving_car_pkg/data
[3.950s] copying /home/fazil/ROS2-Self-Driving-Car-AI-using-OpenCV/build/self_driving_car_pkg/build/lib/self_driving_car_pkg/data/__init__.py -> /home/fazil/ROS2-Self-Driving-Car-AI-using-OpenCV/install/self_driving_car_pkg/lib/python3.10/site-packages/self_driving_car_pkg/data
[3.950s] copying /home/fazil/ROS2-Self-Driving-Car-AI-using-OpenCV/build/self_driving_car_pkg/build/lib/self_driving_car_pkg/drive_node.py -> /home/fazil/ROS2-Self-Driving-Car-AI-using-OpenCV/install/self_driving_car_pkg/lib/python3.10/site-packages/self_driving_car_pkg
[3.950s] creating /home/fazil/ROS2-Self-Driving-Car-AI-using-OpenCV/install/self_driving_car_pkg/lib/python3.10/site-packages/self_driving_car_pkg/config
[3.951s] copying /home/fazil/ROS2-Self-Driving-Car-AI-using-OpenCV/build/self_driving_car_pkg/build/lib/self_driving_car_pkg/config/__init__.py -> /home/fazil/ROS2-Self-Driving-Car-AI-using-OpenCV/install/self_driving_car_pkg/lib/python3.10/site-packages/self_driving_car_pkg/config
[3.951s] copying /home/fazil/ROS2-Self-Driving-Car-AI-using-OpenCV/build/self_driving_car_pkg/build/lib/self_driving_car_pkg/config/config.py -> /home/fazil/ROS2-Self-Driving-Car-AI-using-OpenCV/install/self_driving_car_pkg/lib/python3.10/site-packages/self_driving_car_pkg/config
[3.951s] creating /home/fazil/ROS2-Self-Driving-Car-AI-using-OpenCV/install/self_driving_car_pkg/lib/python3.10/site-packages/self_driving_car_pkg/GPS_Navigation
[3.951s] copying /home/fazil/ROS2-Self-Driving-Car-AI-using-OpenCV/build/self_driving_car_pkg/build/lib/self_driving_car_pkg/GPS_Navigation/utilities_disp.py -> /home/fazil/ROS2-Self-Driving-Car-AI-using-OpenCV/install/self_driving_car_pkg/lib/python3.10/site-packages/self_driving_car_pkg/GPS_Navigation
[3.951s] copying /home/fazil/ROS2-Self-Driving-Car-AI-using-OpenCV/build/self_driving_car_pkg/build/lib/self_driving_car_pkg/GPS_Navigation/bot_pathplanning.py -> /home/fazil/ROS2-Self-Driving-Car-AI-using-OpenCV/install/self_driving_car_pkg/lib/python3.10/site-packages/self_driving_car_pkg/GPS_Navigation
[3.951s] copying /home/fazil/ROS2-Self-Driving-Car-AI-using-OpenCV/build/self_driving_car_pkg/build/lib/self_driving_car_pkg/GPS_Navigation/utilities.py -> /home/fazil/ROS2-Self-Driving-Car-AI-using-OpenCV/install/self_driving_car_pkg/lib/python3.10/site-packages/self_driving_car_pkg/GPS_Navigation
[3.951s] copying /home/fazil/ROS2-Self-Driving-Car-AI-using-OpenCV/build/self_driving_car_pkg/build/lib/self_driving_car_pkg/GPS_Navigation/__init__.py -> /home/fazil/ROS2-Self-Driving-Car-AI-using-OpenCV/install/self_driving_car_pkg/lib/python3.10/site-packages/self_driving_car_pkg/GPS_Navigation
[3.951s] copying /home/fazil/ROS2-Self-Driving-Car-AI-using-OpenCV/build/self_driving_car_pkg/build/lib/self_driving_car_pkg/GPS_Navigation/Navigation.py -> /home/fazil/ROS2-Self-Driving-Car-AI-using-OpenCV/install/self_driving_car_pkg/lib/python3.10/site-packages/self_driving_car_pkg/GPS_Navigation
[3.952s] copying /home/fazil/ROS2-Self-Driving-Car-AI-using-OpenCV/build/self_driving_car_pkg/build/lib/self_driving_car_pkg/GPS_Navigation/bot_localization.py -> /home/fazil/ROS2-Self-Driving-Car-AI-using-OpenCV/install/self_driving_car_pkg/lib/python3.10/site-packages/self_driving_car_pkg/GPS_Navigation
[3.952s] copying /home/fazil/ROS2-Self-Driving-Car-AI-using-OpenCV/build/self_driving_car_pkg/build/lib/self_driving_car_pkg/GPS_Navigation/config.py -> /home/fazil/ROS2-Self-Driving-Car-AI-using-OpenCV/install/self_driving_car_pkg/lib/python3.10/site-packages/self_driving_car_pkg/GPS_Navigation
[3.952s] copying /home/fazil/ROS2-Self-Driving-Car-AI-using-OpenCV/build/self_driving_car_pkg/build/lib/self_driving_car_pkg/GPS_Navigation/bot_mapping.py -> /home/fazil/ROS2-Self-Driving-Car-AI-using-OpenCV/install/self_driving_car_pkg/lib/python3.10/site-packages/self_driving_car_pkg/GPS_Navigation
[3.952s] copying /home/fazil/ROS2-Self-Driving-Car-AI-using-OpenCV/build/self_driving_car_pkg/build/lib/self_driving_car_pkg/GPS_Navigation/bot_motionplanning.py -> /home/fazil/ROS2-Self-Driving-Car-AI-using-OpenCV/install/self_driving_car_pkg/lib/python3.10/site-packages/self_driving_car_pkg/GPS_Navigation
[3.952s] copying /home/fazil/ROS2-Self-Driving-Car-AI-using-OpenCV/build/self_driving_car_pkg/build/lib/self_driving_car_pkg/sdc_V2.py -> /home/fazil/ROS2-Self-Driving-Car-AI-using-OpenCV/install/self_driving_car_pkg/lib/python3.10/site-packages/self_driving_car_pkg
[3.952s] copying /home/fazil/ROS2-Self-Driving-Car-AI-using-OpenCV/build/self_driving_car_pkg/build/lib/self_driving_car_pkg/video_save.py -> /home/fazil/ROS2-Self-Driving-Car-AI-using-OpenCV/install/self_driving_car_pkg/lib/python3.10/site-packages/self_driving_car_pkg
[3.952s] creating /home/fazil/ROS2-Self-Driving-Car-AI-using-OpenCV/install/self_driving_car_pkg/lib/python3.10/site-packages/self_driving_car_pkg/Detection
[3.953s] creating /home/fazil/ROS2-Self-Driving-Car-AI-using-OpenCV/install/self_driving_car_pkg/lib/python3.10/site-packages/self_driving_car_pkg/Detection/TrafficLights
[3.953s] copying /home/fazil/ROS2-Self-Driving-Car-AI-using-OpenCV/build/self_driving_car_pkg/build/lib/self_driving_car_pkg/Detection/TrafficLights/__init__.py -> /home/fazil/ROS2-Self-Driving-Car-AI-using-OpenCV/install/self_driving_car_pkg/lib/python3.10/site-packages/self_driving_car_pkg/Detection/TrafficLights
[3.953s] copying /home/fazil/ROS2-Self-Driving-Car-AI-using-OpenCV/build/self_driving_car_pkg/build/lib/self_driving_car_pkg/Detection/TrafficLights/TrafficLights_Detection.py -> /home/fazil/ROS2-Self-Driving-Car-AI-using-OpenCV/install/self_driving_car_pkg/lib/python3.10/site-packages/self_driving_car_pkg/Detection/TrafficLights
[3.953s] copying /home/fazil/ROS2-Self-Driving-Car-AI-using-OpenCV/build/self_driving_car_pkg/build/lib/self_driving_car_pkg/Detection/__init__.py -> /home/fazil/ROS2-Self-Driving-Car-AI-using-OpenCV/install/self_driving_car_pkg/lib/python3.10/site-packages/self_driving_car_pkg/Detection
[3.953s] creating /home/fazil/ROS2-Self-Driving-Car-AI-using-OpenCV/install/self_driving_car_pkg/lib/python3.10/site-packages/self_driving_car_pkg/Detection/Signs
[3.953s] copying /home/fazil/ROS2-Self-Driving-Car-AI-using-OpenCV/build/self_driving_car_pkg/build/lib/self_driving_car_pkg/Detection/Signs/__init__.py -> /home/fazil/ROS2-Self-Driving-Car-AI-using-OpenCV/install/self_driving_car_pkg/lib/python3.10/site-packages/self_driving_car_pkg/Detection/Signs
[3.954s] copying /home/fazil/ROS2-Self-Driving-Car-AI-using-OpenCV/build/self_driving_car_pkg/build/lib/self_driving_car_pkg/Detection/Signs/SignDetectionApi.py -> /home/fazil/ROS2-Self-Driving-Car-AI-using-OpenCV/install/self_driving_car_pkg/lib/python3.10/site-packages/self_driving_car_pkg/Detection/Signs
[3.954s] creating /home/fazil/ROS2-Self-Driving-Car-AI-using-OpenCV/install/self_driving_car_pkg/lib/python3.10/site-packages/self_driving_car_pkg/Detection/Signs/Classification
[3.954s] copying /home/fazil/ROS2-Self-Driving-Car-AI-using-OpenCV/build/self_driving_car_pkg/build/lib/self_driving_car_pkg/Detection/Signs/Classification/Classification_CNN.py -> /home/fazil/ROS2-Self-Driving-Car-AI-using-OpenCV/install/self_driving_car_pkg/lib/python3.10/site-packages/self_driving_car_pkg/Detection/Signs/Classification
[3.954s] copying /home/fazil/ROS2-Self-Driving-Car-AI-using-OpenCV/build/self_driving_car_pkg/build/lib/self_driving_car_pkg/Detection/Signs/Classification/__init__.py -> /home/fazil/ROS2-Self-Driving-Car-AI-using-OpenCV/install/self_driving_car_pkg/lib/python3.10/site-packages/self_driving_car_pkg/Detection/Signs/Classification
[3.954s] copying /home/fazil/ROS2-Self-Driving-Car-AI-using-OpenCV/build/self_driving_car_pkg/build/lib/self_driving_car_pkg/Detection/Signs/Classification/CNN.py -> /home/fazil/ROS2-Self-Driving-Car-AI-using-OpenCV/install/self_driving_car_pkg/lib/python3.10/site-packages/self_driving_car_pkg/Detection/Signs/Classification
[3.954s] copying /home/fazil/ROS2-Self-Driving-Car-AI-using-OpenCV/build/self_driving_car_pkg/build/lib/self_driving_car_pkg/Detection/Signs/Classification/Visualize_CNN.py -> /home/fazil/ROS2-Self-Driving-Car-AI-using-OpenCV/install/self_driving_car_pkg/lib/python3.10/site-packages/self_driving_car_pkg/Detection/Signs/Classification
[3.954s] creating /home/fazil/ROS2-Self-Driving-Car-AI-using-OpenCV/install/self_driving_car_pkg/lib/python3.10/site-packages/self_driving_car_pkg/Detection/Lanes
[3.955s] creating /home/fazil/ROS2-Self-Driving-Car-AI-using-OpenCV/install/self_driving_car_pkg/lib/python3.10/site-packages/self_driving_car_pkg/Detection/Lanes/d_LaneInfo_Extraction
[3.955s] copying /home/fazil/ROS2-Self-Driving-Car-AI-using-OpenCV/build/self_driving_car_pkg/build/lib/self_driving_car_pkg/Detection/Lanes/d_LaneInfo_Extraction/__init__.py -> /home/fazil/ROS2-Self-Driving-Car-AI-using-OpenCV/install/self_driving_car_pkg/lib/python3.10/site-packages/self_driving_car_pkg/Detection/Lanes/d_LaneInfo_Extraction
[3.955s] copying /home/fazil/ROS2-Self-Driving-Car-AI-using-OpenCV/build/self_driving_car_pkg/build/lib/self_driving_car_pkg/Detection/Lanes/d_LaneInfo_Extraction/GetStateInfoandDisplayLane.py -> /home/fazil/ROS2-Self-Driving-Car-AI-using-OpenCV/install/self_driving_car_pkg/lib/python3.10/site-packages/self_driving_car_pkg/Detection/Lanes/d_LaneInfo_Extraction
[3.955s] copying /home/fazil/ROS2-Self-Driving-Car-AI-using-OpenCV/build/self_driving_car_pkg/build/lib/self_driving_car_pkg/Detection/Lanes/Lane_Detection.py -> /home/fazil/ROS2-Self-Driving-Car-AI-using-OpenCV/install/self_driving_car_pkg/lib/python3.10/site-packages/self_driving_car_pkg/Detection/Lanes
[3.955s] copying /home/fazil/ROS2-Self-Driving-Car-AI-using-OpenCV/build/self_driving_car_pkg/build/lib/self_driving_car_pkg/Detection/Lanes/Morph_op.py -> /home/fazil/ROS2-Self-Driving-Car-AI-using-OpenCV/install/self_driving_car_pkg/lib/python3.10/site-packages/self_driving_car_pkg/Detection/Lanes
[3.955s] copying /home/fazil/ROS2-Self-Driving-Car-AI-using-OpenCV/build/self_driving_car_pkg/build/lib/self_driving_car_pkg/Detection/Lanes/utilities.py -> /home/fazil/ROS2-Self-Driving-Car-AI-using-OpenCV/install/self_driving_car_pkg/lib/python3.10/site-packages/self_driving_car_pkg/Detection/Lanes
[3.955s] copying /home/fazil/ROS2-Self-Driving-Car-AI-using-OpenCV/build/self_driving_car_pkg/build/lib/self_driving_car_pkg/Detection/Lanes/__init__.py -> /home/fazil/ROS2-Self-Driving-Car-AI-using-OpenCV/install/self_driving_car_pkg/lib/python3.10/site-packages/self_driving_car_pkg/Detection/Lanes
[3.956s] creating /home/fazil/ROS2-Self-Driving-Car-AI-using-OpenCV/install/self_driving_car_pkg/lib/python3.10/site-packages/self_driving_car_pkg/Detection/Lanes/c_Cleaning
[3.956s] copying /home/fazil/ROS2-Self-Driving-Car-AI-using-OpenCV/build/self_driving_car_pkg/build/lib/self_driving_car_pkg/Detection/Lanes/c_Cleaning/ExtendLanesAndRefineMidLaneEdge.py -> /home/fazil/ROS2-Self-Driving-Car-AI-using-OpenCV/install/self_driving_car_pkg/lib/python3.10/site-packages/self_driving_car_pkg/Detection/Lanes/c_Cleaning
[3.956s] copying /home/fazil/ROS2-Self-Driving-Car-AI-using-OpenCV/build/self_driving_car_pkg/build/lib/self_driving_car_pkg/Detection/Lanes/c_Cleaning/CheckifYellowLaneCorrect_RetInnerBoundary.py -> /home/fazil/ROS2-Self-Driving-Car-AI-using-OpenCV/install/self_driving_car_pkg/lib/python3.10/site-packages/self_driving_car_pkg/Detection/Lanes/c_Cleaning
[3.956s] copying /home/fazil/ROS2-Self-Driving-Car-AI-using-OpenCV/build/self_driving_car_pkg/build/lib/self_driving_car_pkg/Detection/Lanes/c_Cleaning/__init__.py -> /home/fazil/ROS2-Self-Driving-Car-AI-using-OpenCV/install/self_driving_car_pkg/lib/python3.10/site-packages/self_driving_car_pkg/Detection/Lanes/c_Cleaning
[3.956s] creating /home/fazil/ROS2-Self-Driving-Car-AI-using-OpenCV/install/self_driving_car_pkg/lib/python3.10/site-packages/self_driving_car_pkg/Detection/Lanes/b_Estimation
[3.956s] copying /home/fazil/ROS2-Self-Driving-Car-AI-using-OpenCV/build/self_driving_car_pkg/build/lib/self_driving_car_pkg/Detection/Lanes/b_Estimation/__init__.py -> /home/fazil/ROS2-Self-Driving-Car-AI-using-OpenCV/install/self_driving_car_pkg/lib/python3.10/site-packages/self_driving_car_pkg/Detection/Lanes/b_Estimation
[3.957s] copying /home/fazil/ROS2-Self-Driving-Car-AI-using-OpenCV/build/self_driving_car_pkg/build/lib/self_driving_car_pkg/Detection/Lanes/b_Estimation/Our_EstimationAlgo.py -> /home/fazil/ROS2-Self-Driving-Car-AI-using-OpenCV/install/self_driving_car_pkg/lib/python3.10/site-packages/self_driving_car_pkg/Detection/Lanes/b_Estimation
[3.957s] creating /home/fazil/ROS2-Self-Driving-Car-AI-using-OpenCV/install/self_driving_car_pkg/lib/python3.10/site-packages/self_driving_car_pkg/Detection/Lanes/a_Segmentation
[3.957s] copying /home/fazil/ROS2-Self-Driving-Car-AI-using-OpenCV/build/self_driving_car_pkg/build/lib/self_driving_car_pkg/Detection/Lanes/a_Segmentation/colour_segmentation_final.py -> /home/fazil/ROS2-Self-Driving-Car-AI-using-OpenCV/install/self_driving_car_pkg/lib/python3.10/site-packages/self_driving_car_pkg/Detection/Lanes/a_Segmentation
[3.957s] copying /home/fazil/ROS2-Self-Driving-Car-AI-using-OpenCV/build/self_driving_car_pkg/build/lib/self_driving_car_pkg/Detection/Lanes/a_Segmentation/__init__.py -> /home/fazil/ROS2-Self-Driving-Car-AI-using-OpenCV/install/self_driving_car_pkg/lib/python3.10/site-packages/self_driving_car_pkg/Detection/Lanes/a_Segmentation
[3.958s] byte-compiling /home/fazil/ROS2-Self-Driving-Car-AI-using-OpenCV/install/self_driving_car_pkg/lib/python3.10/site-packages/self_driving_car_pkg/upper_camera_video.py to upper_camera_video.cpython-310.pyc
[3.958s] byte-compiling /home/fazil/ROS2-Self-Driving-Car-AI-using-OpenCV/install/self_driving_car_pkg/lib/python3.10/site-packages/self_driving_car_pkg/computer_vision_node.py to computer_vision_node.cpython-310.pyc
[3.959s] byte-compiling /home/fazil/ROS2-Self-Driving-Car-AI-using-OpenCV/install/self_driving_car_pkg/lib/python3.10/site-packages/self_driving_car_pkg/__init__.py to __init__.cpython-310.pyc
[3.959s] byte-compiling /home/fazil/ROS2-Self-Driving-Car-AI-using-OpenCV/install/self_driving_car_pkg/lib/python3.10/site-packages/self_driving_car_pkg/Drive_Bot.py to Drive_Bot.cpython-310.pyc
[3.962s] byte-compiling /home/fazil/ROS2-Self-Driving-Car-AI-using-OpenCV/install/self_driving_car_pkg/lib/python3.10/site-packages/self_driving_car_pkg/sdf_spawner.py to sdf_spawner.cpython-310.pyc
[3.963s] byte-compiling /home/fazil/ROS2-Self-Driving-Car-AI-using-OpenCV/install/self_driving_car_pkg/lib/python3.10/site-packages/self_driving_car_pkg/data/__init__.py to __init__.cpython-310.pyc
[3.963s] byte-compiling /home/fazil/ROS2-Self-Driving-Car-AI-using-OpenCV/install/self_driving_car_pkg/lib/python3.10/site-packages/self_driving_car_pkg/drive_node.py to drive_node.cpython-310.pyc
[3.963s] byte-compiling /home/fazil/ROS2-Self-Driving-Car-AI-using-OpenCV/install/self_driving_car_pkg/lib/python3.10/site-packages/self_driving_car_pkg/config/__init__.py to __init__.cpython-310.pyc
[3.964s] byte-compiling /home/fazil/ROS2-Self-Driving-Car-AI-using-OpenCV/install/self_driving_car_pkg/lib/python3.10/site-packages/self_driving_car_pkg/config/config.py to config.cpython-310.pyc
[3.964s] byte-compiling /home/fazil/ROS2-Self-Driving-Car-AI-using-OpenCV/install/self_driving_car_pkg/lib/python3.10/site-packages/self_driving_car_pkg/GPS_Navigation/utilities_disp.py to utilities_disp.cpython-310.pyc
[3.965s] byte-compiling /home/fazil/ROS2-Self-Driving-Car-AI-using-OpenCV/install/self_driving_car_pkg/lib/python3.10/site-packages/self_driving_car_pkg/GPS_Navigation/bot_pathplanning.py to bot_pathplanning.cpython-310.pyc
[3.968s] byte-compiling /home/fazil/ROS2-Self-Driving-Car-AI-using-OpenCV/install/self_driving_car_pkg/lib/python3.10/site-packages/self_driving_car_pkg/GPS_Navigation/utilities.py to utilities.cpython-310.pyc
[3.969s] byte-compiling /home/fazil/ROS2-Self-Driving-Car-AI-using-OpenCV/install/self_driving_car_pkg/lib/python3.10/site-packages/self_driving_car_pkg/GPS_Navigation/__init__.py to __init__.cpython-310.pyc
[3.970s] byte-compiling /home/fazil/ROS2-Self-Driving-Car-AI-using-OpenCV/install/self_driving_car_pkg/lib/python3.10/site-packages/self_driving_car_pkg/GPS_Navigation/Navigation.py to Navigation.cpython-310.pyc
[3.970s] byte-compiling /home/fazil/ROS2-Self-Driving-Car-AI-using-OpenCV/install/self_driving_car_pkg/lib/python3.10/site-packages/self_driving_car_pkg/GPS_Navigation/bot_localization.py to bot_localization.cpython-310.pyc
[3.972s] byte-compiling /home/fazil/ROS2-Self-Driving-Car-AI-using-OpenCV/install/self_driving_car_pkg/lib/python3.10/site-packages/self_driving_car_pkg/GPS_Navigation/config.py to config.cpython-310.pyc
[3.973s] byte-compiling /home/fazil/ROS2-Self-Driving-Car-AI-using-OpenCV/install/self_driving_car_pkg/lib/python3.10/site-packages/self_driving_car_pkg/GPS_Navigation/bot_mapping.py to bot_mapping.cpython-310.pyc
[3.976s] byte-compiling /home/fazil/ROS2-Self-Driving-Car-AI-using-OpenCV/install/self_driving_car_pkg/lib/python3.10/site-packages/self_driving_car_pkg/GPS_Navigation/bot_motionplanning.py to bot_motionplanning.cpython-310.pyc
[3.977s] byte-compiling /home/fazil/ROS2-Self-Driving-Car-AI-using-OpenCV/install/self_driving_car_pkg/lib/python3.10/site-packages/self_driving_car_pkg/sdc_V2.py to sdc_V2.cpython-310.pyc
[3.978s] byte-compiling /home/fazil/ROS2-Self-Driving-Car-AI-using-OpenCV/install/self_driving_car_pkg/lib/python3.10/site-packages/self_driving_car_pkg/video_save.py to video_save.cpython-310.pyc
[3.979s] byte-compiling /home/fazil/ROS2-Self-Driving-Car-AI-using-OpenCV/install/self_driving_car_pkg/lib/python3.10/site-packages/self_driving_car_pkg/Detection/TrafficLights/__init__.py to __init__.cpython-310.pyc
[3.979s] byte-compiling /home/fazil/ROS2-Self-Driving-Car-AI-using-OpenCV/install/self_driving_car_pkg/lib/python3.10/site-packages/self_driving_car_pkg/Detection/TrafficLights/TrafficLights_Detection.py to TrafficLights_Detection.cpython-310.pyc
[3.984s] byte-compiling /home/fazil/ROS2-Self-Driving-Car-AI-using-OpenCV/install/self_driving_car_pkg/lib/python3.10/site-packages/self_driving_car_pkg/Detection/__init__.py to __init__.cpython-310.pyc
[3.984s] byte-compiling /home/fazil/ROS2-Self-Driving-Car-AI-using-OpenCV/install/self_driving_car_pkg/lib/python3.10/site-packages/self_driving_car_pkg/Detection/Signs/__init__.py to __init__.cpython-310.pyc
[3.984s] byte-compiling /home/fazil/ROS2-Self-Driving-Car-AI-using-OpenCV/install/self_driving_car_pkg/lib/python3.10/site-packages/self_driving_car_pkg/Detection/Signs/SignDetectionApi.py to SignDetectionApi.cpython-310.pyc
[3.986s] byte-compiling /home/fazil/ROS2-Self-Driving-Car-AI-using-OpenCV/install/self_driving_car_pkg/lib/python3.10/site-packages/self_driving_car_pkg/Detection/Signs/Classification/Classification_CNN.py to Classification_CNN.cpython-310.pyc
[3.987s] byte-compiling /home/fazil/ROS2-Self-Driving-Car-AI-using-OpenCV/install/self_driving_car_pkg/lib/python3.10/site-packages/self_driving_car_pkg/Detection/Signs/Classification/__init__.py to __init__.cpython-310.pyc
[3.987s] byte-compiling /home/fazil/ROS2-Self-Driving-Car-AI-using-OpenCV/install/self_driving_car_pkg/lib/python3.10/site-packages/self_driving_car_pkg/Detection/Signs/Classification/CNN.py to CNN.cpython-310.pyc
[3.989s] byte-compiling /home/fazil/ROS2-Self-Driving-Car-AI-using-OpenCV/install/self_driving_car_pkg/lib/python3.10/site-packages/self_driving_car_pkg/Detection/Signs/Classification/Visualize_CNN.py to Visualize_CNN.cpython-310.pyc
[3.989s] byte-compiling /home/fazil/ROS2-Self-Driving-Car-AI-using-OpenCV/install/self_driving_car_pkg/lib/python3.10/site-packages/self_driving_car_pkg/Detection/Lanes/d_LaneInfo_Extraction/__init__.py to __init__.cpython-310.pyc
[3.989s] byte-compiling /home/fazil/ROS2-Self-Driving-Car-AI-using-OpenCV/install/self_driving_car_pkg/lib/python3.10/site-packages/self_driving_car_pkg/Detection/Lanes/d_LaneInfo_Extraction/GetStateInfoandDisplayLane.py to GetStateInfoandDisplayLane.cpython-310.pyc
[3.991s] byte-compiling /home/fazil/ROS2-Self-Driving-Car-AI-using-OpenCV/install/self_driving_car_pkg/lib/python3.10/site-packages/self_driving_car_pkg/Detection/Lanes/Lane_Detection.py to Lane_Detection.cpython-310.pyc
[3.991s] byte-compiling /home/fazil/ROS2-Self-Driving-Car-AI-using-OpenCV/install/self_driving_car_pkg/lib/python3.10/site-packages/self_driving_car_pkg/Detection/Lanes/Morph_op.py to Morph_op.cpython-310.pyc
[3.993s] byte-compiling /home/fazil/ROS2-Self-Driving-Car-AI-using-OpenCV/install/self_driving_car_pkg/lib/python3.10/site-packages/self_driving_car_pkg/Detection/Lanes/utilities.py to utilities.cpython-310.pyc
[3.993s] byte-compiling /home/fazil/ROS2-Self-Driving-Car-AI-using-OpenCV/install/self_driving_car_pkg/lib/python3.10/site-packages/self_driving_car_pkg/Detection/Lanes/__init__.py to __init__.cpython-310.pyc
[3.994s] byte-compiling /home/fazil/ROS2-Self-Driving-Car-AI-using-OpenCV/install/self_driving_car_pkg/lib/python3.10/site-packages/self_driving_car_pkg/Detection/Lanes/c_Cleaning/ExtendLanesAndRefineMidLaneEdge.py to ExtendLanesAndRefineMidLaneEdge.cpython-310.pyc
[3.994s] byte-compiling /home/fazil/ROS2-Self-Driving-Car-AI-using-OpenCV/install/self_driving_car_pkg/lib/python3.10/site-packages/self_driving_car_pkg/Detection/Lanes/c_Cleaning/CheckifYellowLaneCorrect_RetInnerBoundary.py to CheckifYellowLaneCorrect_RetInnerBoundary.cpython-310.pyc
[3.995s] byte-compiling /home/fazil/ROS2-Self-Driving-Car-AI-using-OpenCV/install/self_driving_car_pkg/lib/python3.10/site-packages/self_driving_car_pkg/Detection/Lanes/c_Cleaning/__init__.py to __init__.cpython-310.pyc
[3.996s] byte-compiling /home/fazil/ROS2-Self-Driving-Car-AI-using-OpenCV/install/self_driving_car_pkg/lib/python3.10/site-packages/self_driving_car_pkg/Detection/Lanes/b_Estimation/__init__.py to __init__.cpython-310.pyc
[3.996s] byte-compiling /home/fazil/ROS2-Self-Driving-Car-AI-using-OpenCV/install/self_driving_car_pkg/lib/python3.10/site-packages/self_driving_car_pkg/Detection/Lanes/b_Estimation/Our_EstimationAlgo.py to Our_EstimationAlgo.cpython-310.pyc
[3.997s] byte-compiling /home/fazil/ROS2-Self-Driving-Car-AI-using-OpenCV/install/self_driving_car_pkg/lib/python3.10/site-packages/self_driving_car_pkg/Detection/Lanes/a_Segmentation/colour_segmentation_final.py to colour_segmentation_final.cpython-310.pyc
[3.998s] byte-compiling /home/fazil/ROS2-Self-Driving-Car-AI-using-OpenCV/install/self_driving_car_pkg/lib/python3.10/site-packages/self_driving_car_pkg/Detection/Lanes/a_Segmentation/__init__.py to __init__.cpython-310.pyc
[3.998s] running install_data
[3.999s] creating /home/fazil/ROS2-Self-Driving-Car-AI-using-OpenCV/install/self_driving_car_pkg/share/ament_index
[3.999s] creating /home/fazil/ROS2-Self-Driving-Car-AI-using-OpenCV/install/self_driving_car_pkg/share/ament_index/resource_index
[3.999s] creating /home/fazil/ROS2-Self-Driving-Car-AI-using-OpenCV/install/self_driving_car_pkg/share/ament_index/resource_index/packages
[3.999s] copying resource/self_driving_car_pkg -> /home/fazil/ROS2-Self-Driving-Car-AI-using-OpenCV/install/self_driving_car_pkg/share/ament_index/resource_index/packages
[4.000s] copying package.xml -> /home/fazil/ROS2-Self-Driving-Car-AI-using-OpenCV/install/self_driving_car_pkg/share/self_driving_car_pkg
[4.000s] creating /home/fazil/ROS2-Self-Driving-Car-AI-using-OpenCV/install/self_driving_car_pkg/share/self_driving_car_pkg/launch
[4.000s] copying launch/maze_solving_world.launch.py -> /home/fazil/ROS2-Self-Driving-Car-AI-using-OpenCV/install/self_driving_car_pkg/share/self_driving_car_pkg/launch
[4.000s] copying launch/record_and_drive.launch.py -> /home/fazil/ROS2-Self-Driving-Car-AI-using-OpenCV/install/self_driving_car_pkg/share/self_driving_car_pkg/launch
[4.001s] copying launch/world_gazebo.launch.py -> /home/fazil/ROS2-Self-Driving-Car-AI-using-OpenCV/install/self_driving_car_pkg/share/self_driving_car_pkg/launch
[4.001s] copying launch/test_laneFollow.launch.py -> /home/fazil/ROS2-Self-Driving-Car-AI-using-OpenCV/install/self_driving_car_pkg/share/self_driving_car_pkg/launch
[4.001s] creating /home/fazil/ROS2-Self-Driving-Car-AI-using-OpenCV/install/self_driving_car_pkg/lib/self_driving_car_pkg
[4.001s] copying scripts/lights_spawner.bash -> /home/fazil/ROS2-Self-Driving-Car-AI-using-OpenCV/install/self_driving_car_pkg/lib/self_driving_car_pkg
[4.001s] copying scripts/lights_spawner_maze.bash -> /home/fazil/ROS2-Self-Driving-Car-AI-using-OpenCV/install/self_driving_car_pkg/lib/self_driving_car_pkg
[4.001s] creating /home/fazil/ROS2-Self-Driving-Car-AI-using-OpenCV/install/self_driving_car_pkg/share/self_driving_car_pkg/worlds
[4.002s] copying worlds/Lane_follow_test.world -> /home/fazil/ROS2-Self-Driving-Car-AI-using-OpenCV/install/self_driving_car_pkg/share/self_driving_car_pkg/worlds
[4.002s] copying worlds/maze_solving.world -> /home/fazil/ROS2-Self-Driving-Car-AI-using-OpenCV/install/self_driving_car_pkg/share/self_driving_car_pkg/worlds
[4.002s] copying worlds/sdc.world -> /home/fazil/ROS2-Self-Driving-Car-AI-using-OpenCV/install/self_driving_car_pkg/share/self_driving_car_pkg/worlds
[4.002s] running install_egg_info
[4.003s] Copying ../build/self_driving_car_pkg/self_driving_car_pkg.egg-info to /home/fazil/ROS2-Self-Driving-Car-AI-using-OpenCV/install/self_driving_car_pkg/lib/python3.10/site-packages/self_driving_car_pkg-0.0.0-py3.10.egg-info
[4.004s] running install_scripts
[4.026s] Installing computer_vision_node script to /home/fazil/ROS2-Self-Driving-Car-AI-using-OpenCV/install/self_driving_car_pkg/lib/self_driving_car_pkg
[4.026s] Installing sdc_V2 script to /home/fazil/ROS2-Self-Driving-Car-AI-using-OpenCV/install/self_driving_car_pkg/lib/self_driving_car_pkg
[4.026s] Installing spawner_node script to /home/fazil/ROS2-Self-Driving-Car-AI-using-OpenCV/install/self_driving_car_pkg/lib/self_driving_car_pkg
[4.027s] Installing upper_camera_recording script to /home/fazil/ROS2-Self-Driving-Car-AI-using-OpenCV/install/self_driving_car_pkg/lib/self_driving_car_pkg
[4.027s] Installing video_save script to /home/fazil/ROS2-Self-Driving-Car-AI-using-OpenCV/install/self_driving_car_pkg/lib/self_driving_car_pkg
[4.028s] writing list of installed files to '/home/fazil/ROS2-Self-Driving-Car-AI-using-OpenCV/build/self_driving_car_pkg/install.log'
[4.057s] Invoked command in '/home/fazil/ROS2-Self-Driving-Car-AI-using-OpenCV/self_driving_car_pkg' returned '0': PYTHONPATH=/home/fazil/ROS2-Self-Driving-Car-AI-using-OpenCV/build/self_driving_car_pkg/prefix_override:/home/fazil/ROS2-Self-Driving-Car-AI-using-OpenCV/install/self_driving_car_pkg/lib/python3.10/site-packages:${PYTHONPATH} /usr/bin/python3 -W ignore:setup.py install is deprecated setup.py egg_info --egg-base ../build/self_driving_car_pkg build --build-base /home/fazil/ROS2-Self-Driving-Car-AI-using-OpenCV/build/self_driving_car_pkg/build install --record /home/fazil/ROS2-Self-Driving-Car-AI-using-OpenCV/build/self_driving_car_pkg/install.log --install-scripts $base/lib/self_driving_car_pkg --single-version-externally-managed install_data
